Determining if the pthread_create exist failed with the following output:
Change Dir: /home/v7770/Extracirriculars/Robotics/Unstuck-Algorithm/turtlebot_alg_1/build/CMakeFiles/CMakeTmp

Run Build Command:"/usr/bin/make" "cmTC_36d7c/fast"
/usr/bin/make -f CMakeFiles/cmTC_36d7c.dir/build.make CMakeFiles/cmTC_36d7c.dir/build
make[1]: Entering directory '/home/v7770/Extracirriculars/Robotics/Unstuck-Algorithm/turtlebot_alg_1/build/CMakeFiles/CMakeTmp'
Building C object CMakeFiles/cmTC_36d7c.dir/CheckSymbolExists.c.o
/usr/bin/cc     -o CMakeFiles/cmTC_36d7c.dir/CheckSymbolExists.c.o   -c /home/v7770/Extracirriculars/Robotics/Unstuck-Algorithm/turtlebot_alg_1/build/CMakeFiles/CMakeTmp/CheckSymbolExists.c
Linking C executable cmTC_36d7c
/usr/bin/cmake -E cmake_link_script CMakeFiles/cmTC_36d7c.dir/link.txt --verbose=1
/usr/bin/cc       CMakeFiles/cmTC_36d7c.dir/CheckSymbolExists.c.o  -o cmTC_36d7c -rdynamic 
CMakeFiles/cmTC_36d7c.dir/CheckSymbolExists.c.o: In function `main':
CheckSymbolExists.c:(.text+0x16): undefined reference to `pthread_create'
collect2: error: ld returned 1 exit status
CMakeFiles/cmTC_36d7c.dir/build.make:97: recipe for target 'cmTC_36d7c' failed
make[1]: *** [cmTC_36d7c] Error 1
make[1]: Leaving directory '/home/v7770/Extracirriculars/Robotics/Unstuck-Algorithm/turtlebot_alg_1/build/CMakeFiles/CMakeTmp'
Makefile:126: recipe for target 'cmTC_36d7c/fast' failed
make: *** [cmTC_36d7c/fast] Error 2

File /home/v7770/Extracirriculars/Robotics/Unstuck-Algorithm/turtlebot_alg_1/build/CMakeFiles/CMakeTmp/CheckSymbolExists.c:
/* */
#include <pthread.h>

int main(int argc, char** argv)
{
  (void)argv;
#ifndef pthread_create
  return ((int*)(&pthread_create))[argc];
#else
  (void)argc;
  return 0;
#endif
}

Determining if the function pthread_create exists in the pthreads failed with the following output:
Change Dir: /home/v7770/Extracirriculars/Robotics/Unstuck-Algorithm/turtlebot_alg_1/build/CMakeFiles/CMakeTmp

Run Build Command:"/usr/bin/make" "cmTC_72b89/fast"
/usr/bin/make -f CMakeFiles/cmTC_72b89.dir/build.make CMakeFiles/cmTC_72b89.dir/build
make[1]: Entering directory '/home/v7770/Extracirriculars/Robotics/Unstuck-Algorithm/turtlebot_alg_1/build/CMakeFiles/CMakeTmp'
Building C object CMakeFiles/cmTC_72b89.dir/CheckFunctionExists.c.o
/usr/bin/cc    -DCHECK_FUNCTION_EXISTS=pthread_create   -o CMakeFiles/cmTC_72b89.dir/CheckFunctionExists.c.o   -c /usr/share/cmake-3.5/Modules/CheckFunctionExists.c
Linking C executable cmTC_72b89
/usr/bin/cmake -E cmake_link_script CMakeFiles/cmTC_72b89.dir/link.txt --verbose=1
/usr/bin/cc   -DCHECK_FUNCTION_EXISTS=pthread_create    CMakeFiles/cmTC_72b89.dir/CheckFunctionExists.c.o  -o cmTC_72b89 -rdynamic -lpthreads 
/usr/bin/ld: cannot find -lpthreads
collect2: error: ld returned 1 exit status
CMakeFiles/cmTC_72b89.dir/build.make:97: recipe for target 'cmTC_72b89' failed
make[1]: *** [cmTC_72b89] Error 1
make[1]: Leaving directory '/home/v7770/Extracirriculars/Robotics/Unstuck-Algorithm/turtlebot_alg_1/build/CMakeFiles/CMakeTmp'
Makefile:126: recipe for target 'cmTC_72b89/fast' failed
make: *** [cmTC_72b89/fast] Error 2


